<?xml version="1.0" encoding="UTF-8"?>
<testsuite xmlns:xsi="http://www.w3.org/2001/XMLSchema-instance" xsi:noNamespaceSchemaLocation="https://maven.apache.org/surefire/maven-surefire-plugin/xsd/surefire-test-report-3.0.xsd" version="3.0" name="runner.RunCucumberTest" time="0.519" tests="9" errors="0" skipped="0" failures="0">
  <properties>
[...]
</properties>
  <testcase name="Login com dados válidos" classname="Login" time="0.093">
    <system-out><![CDATA[
Cenário: Login com dados válidos            &amp#27;[90m# src/test/resources/features/login.feature:5&amp#27;[0m
  &amp#27;[32mDado &amp#27;[0m&amp#27;[32mque o usuário digitou o nome &amp#27;[0m&amp#27;[32m&amp#27;[1m"admin"&amp#27;[0m &amp#27;[90m# steps.LoginSteps.que_o_usuario_digitou_o_nome(java.lang.String)&amp#27;[0m
  &amp#27;[32mE &amp#27;[0m&amp#27;[32ma senha &amp#27;[0m&amp#27;[32m&amp#27;[1m"1234"&amp#27;[0m                          &amp#27;[90m# steps.LoginSteps.a_senha(java.lang.String)&amp#27;[0m
  &amp#27;[32mQuando &amp#27;[0m&amp#27;[32mele tenta fazer login&amp#27;[0m              &amp#27;[90m# steps.LoginSteps.ele_tenta_fazer_login()&amp#27;[0m
  &amp#27;[32mEntão &amp#27;[0m&amp#27;[32mo login deve ser autorizado&amp#27;[0m         &amp#27;[90m# steps.LoginSteps.o_login_deve_ser_autorizado()&amp#27;[0m
]]></system-out>
  </testcase>
  <testcase name="Login com dados inválidos" classname="Login" time="0.003">
    <system-out><![CDATA[
Cenário: Login com dados inválidos          &amp#27;[90m# src/test/resources/features/login.feature:11&amp#27;[0m
  &amp#27;[32mDado &amp#27;[0m&amp#27;[32mque o usuário digitou o nome &amp#27;[0m&amp#27;[32m&amp#27;[1m"admin"&amp#27;[0m &amp#27;[90m# steps.LoginSteps.que_o_usuario_digitou_o_nome(java.lang.String)&amp#27;[0m
  &amp#27;[32mE &amp#27;[0m&amp#27;[32ma senha &amp#27;[0m&amp#27;[32m&amp#27;[1m"errada"&amp#27;[0m                        &amp#27;[90m# steps.LoginSteps.a_senha(java.lang.String)&amp#27;[0m
  &amp#27;[32mQuando &amp#27;[0m&amp#27;[32mele tenta fazer login&amp#27;[0m              &amp#27;[90m# steps.LoginSteps.ele_tenta_fazer_login()&amp#27;[0m
  &amp#27;[32mEntão &amp#27;[0m&amp#27;[32mo login deve ser negado&amp#27;[0m             &amp#27;[90m# steps.LoginSteps.o_login_deve_ser_negado()&amp#27;[0m
]]></system-out>
  </testcase>
  <testcase name="Login com usuário vazio" classname="Login" time="0">
    <system-out><![CDATA[
Cenário: Login com usuário vazio       &amp#27;[90m# src/test/resources/features/login.feature:17&amp#27;[0m
  &amp#27;[32mDado &amp#27;[0m&amp#27;[32mque o usuário digitou o nome &amp#27;[0m&amp#27;[32m&amp#27;[1m""&amp#27;[0m &amp#27;[90m# steps.LoginSteps.que_o_usuario_digitou_o_nome(java.lang.String)&amp#27;[0m
  &amp#27;[32mE &amp#27;[0m&amp#27;[32ma senha &amp#27;[0m&amp#27;[32m&amp#27;[1m"1234"&amp#27;[0m                     &amp#27;[90m# steps.LoginSteps.a_senha(java.lang.String)&amp#27;[0m
  &amp#27;[32mQuando &amp#27;[0m&amp#27;[32mele tenta fazer login&amp#27;[0m         &amp#27;[90m# steps.LoginSteps.ele_tenta_fazer_login()&amp#27;[0m
  &amp#27;[32mEntão &amp#27;[0m&amp#27;[32mo login deve ser negado&amp#27;[0m        &amp#27;[90m# steps.LoginSteps.o_login_deve_ser_negado()&amp#27;[0m
]]></system-out>
  </testcase>
  <testcase name="Login com senha vazia" classname="Login" time="0.007">
    <system-out><![CDATA[
Cenário: Login com senha vazia              &amp#27;[90m# src/test/resources/features/login.feature:23&amp#27;[0m
  &amp#27;[32mDado &amp#27;[0m&amp#27;[32mque o usuário digitou o nome &amp#27;[0m&amp#27;[32m&amp#27;[1m"admin"&amp#27;[0m &amp#27;[90m# steps.LoginSteps.que_o_usuario_digitou_o_nome(java.lang.String)&amp#27;[0m
  &amp#27;[32mE &amp#27;[0m&amp#27;[32ma senha &amp#27;[0m&amp#27;[32m&amp#27;[1m""&amp#27;[0m                              &amp#27;[90m# steps.LoginSteps.a_senha(java.lang.String)&amp#27;[0m
  &amp#27;[32mQuando &amp#27;[0m&amp#27;[32mele tenta fazer login&amp#27;[0m              &amp#27;[90m# steps.LoginSteps.ele_tenta_fazer_login()&amp#27;[0m
  &amp#27;[32mEntão &amp#27;[0m&amp#27;[32mo login deve ser negado&amp#27;[0m             &amp#27;[90m# steps.LoginSteps.o_login_deve_ser_negado()&amp#27;[0m
]]></system-out>
  </testcase>
  <testcase name="Login com usuário e senha vazios" classname="Login" time="0">
    <system-out><![CDATA[
Cenário: Login com usuário e senha vazios &amp#27;[90m# src/test/resources/features/login.feature:29&amp#27;[0m
  &amp#27;[32mDado &amp#27;[0m&amp#27;[32mque o usuário digitou o nome &amp#27;[0m&amp#27;[32m&amp#27;[1m""&amp#27;[0m    &amp#27;[90m# steps.LoginSteps.que_o_usuario_digitou_o_nome(java.lang.String)&amp#27;[0m
  &amp#27;[32mE &amp#27;[0m&amp#27;[32ma senha &amp#27;[0m&amp#27;[32m&amp#27;[1m""&amp#27;[0m                            &amp#27;[90m# steps.LoginSteps.a_senha(java.lang.String)&amp#27;[0m
  &amp#27;[32mQuando &amp#27;[0m&amp#27;[32mele tenta fazer login&amp#27;[0m            &amp#27;[90m# steps.LoginSteps.ele_tenta_fazer_login()&amp#27;[0m
  &amp#27;[32mEntão &amp#27;[0m&amp#27;[32mo login deve ser negado&amp#27;[0m           &amp#27;[90m# steps.LoginSteps.o_login_deve_ser_negado()&amp#27;[0m
]]></system-out>
  </testcase>
  <testcase name="Login com usuário incorreto e senha correta" classname="Login" time="0.017">
    <system-out><![CDATA[
Cenário: Login com usuário incorreto e senha correta &amp#27;[90m# src/test/resources/features/login.feature:35&amp#27;[0m
  &amp#27;[32mDado &amp#27;[0m&amp#27;[32mque o usuário digitou o nome &amp#27;[0m&amp#27;[32m&amp#27;[1m"usuarioErrado"&amp#27;[0m  &amp#27;[90m# steps.LoginSteps.que_o_usuario_digitou_o_nome(java.lang.String)&amp#27;[0m
  &amp#27;[32mE &amp#27;[0m&amp#27;[32ma senha &amp#27;[0m&amp#27;[32m&amp#27;[1m"1234"&amp#27;[0m                                   &amp#27;[90m# steps.LoginSteps.a_senha(java.lang.String)&amp#27;[0m
  &amp#27;[32mQuando &amp#27;[0m&amp#27;[32mele tenta fazer login&amp#27;[0m                       &amp#27;[90m# steps.LoginSteps.ele_tenta_fazer_login()&amp#27;[0m
  &amp#27;[32mEntão &amp#27;[0m&amp#27;[32mo login deve ser negado&amp#27;[0m                      &amp#27;[90m# steps.LoginSteps.o_login_deve_ser_negado()&amp#27;[0m
]]></system-out>
  </testcase>
  <testcase name="Login com usuário correto e senha incorreta" classname="Login" time="0.008">
    <system-out><![CDATA[
Cenário: Login com usuário correto e senha incorreta &amp#27;[90m# src/test/resources/features/login.feature:41&amp#27;[0m
  &amp#27;[32mDado &amp#27;[0m&amp#27;[32mque o usuário digitou o nome &amp#27;[0m&amp#27;[32m&amp#27;[1m"admin"&amp#27;[0m          &amp#27;[90m# steps.LoginSteps.que_o_usuario_digitou_o_nome(java.lang.String)&amp#27;[0m
  &amp#27;[32mE &amp#27;[0m&amp#27;[32ma senha &amp#27;[0m&amp#27;[32m&amp#27;[1m"senhaErrada"&amp#27;[0m                            &amp#27;[90m# steps.LoginSteps.a_senha(java.lang.String)&amp#27;[0m
  &amp#27;[32mQuando &amp#27;[0m&amp#27;[32mele tenta fazer login&amp#27;[0m                       &amp#27;[90m# steps.LoginSteps.ele_tenta_fazer_login()&amp#27;[0m
  &amp#27;[32mEntão &amp#27;[0m&amp#27;[32mo login deve ser negado&amp#27;[0m                      &amp#27;[90m# steps.LoginSteps.o_login_deve_ser_negado()&amp#27;[0m
]]></system-out>
  </testcase>
  <testcase name="Login com usuário joao e senha correta" classname="Login" time="0.006">
    <system-out><![CDATA[
Cenário: Login com usuário joao e senha correta &amp#27;[90m# src/test/resources/features/login.feature:47&amp#27;[0m
  &amp#27;[32mDado &amp#27;[0m&amp#27;[32mque o usuário digitou o nome &amp#27;[0m&amp#27;[32m&amp#27;[1m"joao"&amp#27;[0m      &amp#27;[90m# steps.LoginSteps.que_o_usuario_digitou_o_nome(java.lang.String)&amp#27;[0m
  &amp#27;[32mE &amp#27;[0m&amp#27;[32ma senha &amp#27;[0m&amp#27;[32m&amp#27;[1m"senha123"&amp#27;[0m                          &amp#27;[90m# steps.LoginSteps.a_senha(java.lang.String)&amp#27;[0m
  &amp#27;[32mQuando &amp#27;[0m&amp#27;[32mele tenta fazer login&amp#27;[0m                  &amp#27;[90m# steps.LoginSteps.ele_tenta_fazer_login()&amp#27;[0m
  &amp#27;[32mEntão &amp#27;[0m&amp#27;[32mo login deve ser autorizado&amp#27;[0m             &amp#27;[90m# steps.LoginSteps.o_login_deve_ser_autorizado()&amp#27;[0m
]]></system-out>
  </testcase>
  <testcase name="Login com usuário maria e senha correta" classname="Login" time="0.003">
    <system-out><![CDATA[
Cenário: Login com usuário maria e senha correta &amp#27;[90m# src/test/resources/features/login.feature:53&amp#27;[0m
  &amp#27;[32mDado &amp#27;[0m&amp#27;[32mque o usuário digitou o nome &amp#27;[0m&amp#27;[32m&amp#27;[1m"maria"&amp#27;[0m      &amp#27;[90m# steps.LoginSteps.que_o_usuario_digitou_o_nome(java.lang.String)&amp#27;[0m
  &amp#27;[32mE &amp#27;[0m&amp#27;[32ma senha &amp#27;[0m&amp#27;[32m&amp#27;[1m"senha456"&amp#27;[0m                           &amp#27;[90m# steps.LoginSteps.a_senha(java.lang.String)&amp#27;[0m
  &amp#27;[32mQuando &amp#27;[0m&amp#27;[32mele tenta fazer login&amp#27;[0m                   &amp#27;[90m# steps.LoginSteps.ele_tenta_fazer_login()&amp#27;[0m
  &amp#27;[32mEntão &amp#27;[0m&amp#27;[32mo login deve ser autorizado&amp#27;[0m              &amp#27;[90m# steps.LoginSteps.o_login_deve_ser_autorizado()&amp#27;[0m
]]></system-out>
  </testcase>
</testsuite>